app/build/intermediates/manifest_merge_blame_file/release/manifest-merger-blame-release-report.txt
1<?xml version="1.0" encoding="utf-8"?>
2<manifest xmlns:android="http://schemas.android.com/apk/res/android"
3    package="com.cashfast.app"
4    android:versionCode="1"
5    android:versionName="1.0" >
6
7    <uses-sdk
8        android:minSdkVersion="21"
8-->src\main\AndroidManifest.xml
9        android:targetSdkVersion="29" />
9-->src\main\AndroidManifest.xml
10
11    <uses-permission android:name="android.permission.INTERNET" />
11-->src\main\AndroidManifest.xml:6:5-67
11-->src\main\AndroidManifest.xml:6:22-64
12    <uses-permission android:name="android.permission.ACCESS_NETWORK_STATE" />
12-->src\main\AndroidManifest.xml:7:5-78
12-->src\main\AndroidManifest.xml:7:22-76
13
14    <application
14-->src\main\AndroidManifest.xml:8:5-23:19
15        android:allowBackup="true"
15-->src\main\AndroidManifest.xml:9:9-35
16        android:fullBackupContent="true"
16-->src\main\AndroidManifest.xml:10:9-41
17        android:icon="@mipmap/ic_launcher"
17-->src\main\AndroidManifest.xml:11:9-43
18        android:label="@string/app_name"
18-->src\main\AndroidManifest.xml:12:9-41
19        android:theme="@style/AppTheme" >
19-->src\main\AndroidManifest.xml:13:9-40
20        <activity
20-->src\main\AndroidManifest.xml:15:9-22:20
21            android:name="com.cashfast.app.MainActivity"
21-->src\main\AndroidManifest.xml:16:13-57
22            android:label="@string/app_name" >
22-->src\main\AndroidManifest.xml:17:13-45
23            <intent-filter>
23-->src\main\AndroidManifest.xml:18:13-21:29
24                <action android:name="android.intent.action.MAIN" />
24-->src\main\AndroidManifest.xml:19:17-69
24-->src\main\AndroidManifest.xml:19:25-66
25
26                <category android:name="android.intent.category.LAUNCHER" />
26-->src\main\AndroidManifest.xml:20:17-77
26-->src\main\AndroidManifest.xml:20:27-74
27            </intent-filter>
28        </activity>
29    </application>
30
31</manifest>